<?xml version="1.0" encoding="UTF-8"?>
<!-- Generated by org.testng.reporters.JUnitReportReporter -->
<testsuite hostname="D-441008082" name="com.microsoft.automation.TestLogin" tests="1" failures="0" timestamp="26 Sep 2018 10:19:23 GMT" time="11.318" errors="0">
  <testcase name="LoginTest" time="11.318" classname="com.microsoft.automation.TestLogin"/>
</testsuite> <!-- com.microsoft.automation.TestLogin -->
