<?xml version="1.0" encoding="UTF-8"?>
<!-- Generated by org.testng.reporters.JUnitReportReporter -->
<testsuite hostname="D-441008082" name="com.microsoft.automation.TestLogin" tests="1" failures="0" timestamp="4 Oct 2018 13:19:15 GMT" time="28.508" errors="0">
  <testcase name="TestDD" time="28.508" classname="com.microsoft.automation.TestLogin"/>
</testsuite> <!-- com.microsoft.automation.TestLogin -->
