<?xml version="1.0" encoding="UTF-8"?>
<!-- Generated by org.testng.reporters.JUnitReportReporter -->
<testsuite hostname="D-441008082" name="com.microsoft.automation.TestLogin" tests="1" failures="0" timestamp="27 Sep 2018 07:04:29 GMT" time="25.965" errors="0">
  <testcase name="LoginTest" time="25.965" classname="com.microsoft.automation.TestLogin"/>
</testsuite> <!-- com.microsoft.automation.TestLogin -->
